# JRE version: Java(TM) SE Runtime Environment (8.0_191-b12) (build 1.8.0_191-b12)
# Java VM: Java HotSpot(TM) Client VM (25.191-b12 mixed mode windows-x86 )
Heap:
 def new generation   total 95488K, used 29247K [0x04e00000, 0x0b590000, 0x0f8a0000)
  eden space 84928K,  34% used [0x04e00000, 0x06a8fcb8, 0x0a0f0000)
  from space 10560K,   0% used [0x0a0f0000, 0x0a0f0000, 0x0ab40000)
  to   space 10560K,   0% used [0x0ab40000, 0x0ab40000, 0x0b590000)
 tenured generation   total 211952K, used 127170K [0x0f8a0000, 0x1c79c000, 0x24e00000)
   the space 211952K,  59% used [0x0f8a0000, 0x174d0910, 0x174d0a00, 0x1c79c000)
 Metaspace       used 21851K, capacity 22377K, committed 22528K, reserved 22912K
GC Heap History (10 events):
Event: 338.353 GC heap before
{Heap before GC invocations=13 (full 3):
 def new generation   total 61952K, used 61952K [0x04e00000, 0x09130000, 0x0f8a0000)
  eden space 55104K, 100% used [0x04e00000, 0x083d0000, 0x083d0000)
  from space 6848K, 100% used [0x08a80000, 0x09130000, 0x09130000)
  to   space 6848K,   0% used [0x083d0000, 0x083d0000, 0x08a80000)
 tenured generation   total 137544K, used 96677K [0x0f8a0000, 0x17ef2000, 0x24e00000)
   the space 137544K,  70% used [0x0f8a0000, 0x15709670, 0x15709800, 0x17ef2000)
 Metaspace       used 21919K, capacity 22482K, committed 22528K, reserved 22912K
Event: 338.370 GC heap after
Heap after GC invocations=14 (full 3):
 def new generation   total 61952K, used 6847K [0x04e00000, 0x09130000, 0x0f8a0000)
  eden space 55104K,   0% used [0x04e00000, 0x04e00000, 0x083d0000)
  from space 6848K,  99% used [0x083d0000, 0x08a7fff8, 0x08a80000)
  to   space 6848K,   0% used [0x08a80000, 0x08a80000, 0x09130000)
 tenured generation   total 137544K, used 104108K [0x0f8a0000, 0x17ef2000, 0x24e00000)
   the space 137544K,  75% used [0x0f8a0000, 0x15e4b378, 0x15e4b400, 0x17ef2000)
 Metaspace       used 21919K, capacity 22482K, committed 22528K, reserved 22912K
}
Event: 428.802 GC heap before
{Heap before GC invocations=14 (full 3):
 def new generation   total 61952K, used 61951K [0x04e00000, 0x09130000, 0x0f8a0000)
  eden space 55104K, 100% used [0x04e00000, 0x083d0000, 0x083d0000)
  from space 6848K,  99% used [0x083d0000, 0x08a7fff8, 0x08a80000)
  to   space 6848K,   0% used [0x08a80000, 0x08a80000, 0x09130000)
 tenured generation   total 137544K, used 104108K [0x0f8a0000, 0x17ef2000, 0x24e00000)
   the space 137544K,  75% used [0x0f8a0000, 0x15e4b378, 0x15e4b400, 0x17ef2000)
 Metaspace       used 21919K, capacity 22482K, committed 22528K, reserved 22912K
Event: 428.818 GC heap after
Heap after GC invocations=15 (full 3):
 def new generation   total 61952K, used 6847K [0x04e00000, 0x09130000, 0x0f8a0000)
  eden space 55104K,   0% used [0x04e00000, 0x04e00000, 0x083d0000)
  from space 6848K,  99% used [0x08a80000, 0x0912fff8, 0x09130000)
  to   space 6848K,   0% used [0x083d0000, 0x083d0000, 0x08a80000)
 tenured generation   total 137544K, used 111959K [0x0f8a0000, 0x17ef2000, 0x24e00000)
   the space 137544K,  81% used [0x0f8a0000, 0x165f5e30, 0x165f6000, 0x17ef2000)
 Metaspace       used 21919K, capacity 22482K, committed 22528K, reserved 22912K
}
Event: 523.069 GC heap before
{Heap before GC invocations=15 (full 3):
 def new generation   total 61952K, used 61951K [0x04e00000, 0x09130000, 0x0f8a0000)
  eden space 55104K, 100% used [0x04e00000, 0x083d0000, 0x083d0000)
  from space 6848K,  99% used [0x08a80000, 0x0912fff8, 0x09130000)
  to   space 6848K,   0% used [0x083d0000, 0x083d0000, 0x08a80000)
 tenured generation   total 137544K, used 111959K [0x0f8a0000, 0x17ef2000, 0x24e00000)
   the space 137544K,  81% used [0x0f8a0000, 0x165f5e30, 0x165f6000, 0x17ef2000)
 Metaspace       used 21919K, capacity 22482K, committed 22528K, reserved 22912K
Event: 523.083 GC heap after
Heap after GC invocations=16 (full 3):
 def new generation   total 61952K, used 6847K [0x04e00000, 0x09130000, 0x0f8a0000)
  eden space 55104K,   0% used [0x04e00000, 0x04e00000, 0x083d0000)
  from space 6848K,  99% used [0x083d0000, 0x08a7fff8, 0x08a80000)
  to   space 6848K,   0% used [0x08a80000, 0x08a80000, 0x09130000)
 tenured generation   total 137544K, used 118449K [0x0f8a0000, 0x17ef2000, 0x24e00000)
   the space 137544K,  86% used [0x0f8a0000, 0x16c4c488, 0x16c4c600, 0x17ef2000)
 Metaspace       used 21919K, capacity 22482K, committed 22528K, reserved 22912K
}
Event: 621.694 GC heap before
{Heap before GC invocations=16 (full 3):
 def new generation   total 61952K, used 59212K [0x04e00000, 0x09130000, 0x0f8a0000)
  eden space 55104K,  95% used [0x04e00000, 0x081232a8, 0x083d0000)
  from space 6848K,  99% used [0x083d0000, 0x08a7fff8, 0x08a80000)
  to   space 6848K,   0% used [0x08a80000, 0x08a80000, 0x09130000)
 tenured generation   total 137544K, used 118449K [0x0f8a0000, 0x17ef2000, 0x24e00000)
   the space 137544K,  86% used [0x0f8a0000, 0x16c4c488, 0x16c4c600, 0x17ef2000)
 Metaspace       used 21919K, capacity 22482K, committed 22528K, reserved 22912K
Event: 621.708 GC heap after
Heap after GC invocations=17 (full 3):
 def new generation   total 61952K, used 5671K [0x04e00000, 0x09130000, 0x0f8a0000)
  eden space 55104K,   0% used [0x04e00000, 0x04e00000, 0x083d0000)
  from space 6848K,  82% used [0x08a80000, 0x09009ce0, 0x09130000)
  to   space 6848K,   0% used [0x083d0000, 0x083d0000, 0x08a80000)
 tenured generation   total 137544K, used 125296K [0x0f8a0000, 0x17ef2000, 0x24e00000)
   the space 137544K,  91% used [0x0f8a0000, 0x172fc040, 0x172fc200, 0x17ef2000)
 Metaspace       used 21919K, capacity 22482K, committed 22528K, reserved 22912K
}
Event: 705.876 GC heap before
{Heap before GC invocations=17 (full 3):
 def new generation   total 61952K, used 59239K [0x04e00000, 0x09130000, 0x0f8a0000)
  eden space 55104K,  97% used [0x04e00000, 0x082502f8, 0x083d0000)
  from space 6848K,  82% used [0x08a80000, 0x09009ce0, 0x09130000)
  to   space 6848K,   0% used [0x083d0000, 0x083d0000, 0x08a80000)
 tenured generation   total 137544K, used 125296K [0x0f8a0000, 0x17ef2000, 0x24e00000)
   the space 137544K,  91% used [0x0f8a0000, 0x172fc040, 0x172fc200, 0x17ef2000)
 Metaspace       used 21919K, capacity 22482K, committed 22528K, reserved 22912K
Event: 706.015 GC heap after
Heap after GC invocations=18 (full 4):
 def new generation   total 95488K, used 0K [0x04e00000, 0x0b590000, 0x0f8a0000)
  eden space 84928K,   0% used [0x04e00000, 0x04e00000, 0x0a0f0000)
  from space 10560K,   0% used [0x0a0f0000, 0x0a0f0000, 0x0ab40000)
  to   space 10560K,   0% used [0x0ab40000, 0x0ab40000, 0x0b590000)
 tenured generation   total 211952K, used 127170K [0x0f8a0000, 0x1c79c000, 0x24e00000)
   the space 211952K,  59% used [0x0f8a0000, 0x174d0910, 0x174d0a00, 0x1c79c000)
 Metaspace       used 21850K, capacity 22377K, committed 22528K, reserved 22912K
}

